<?xml version="1.0" encoding="UTF-8"?>
<!-- Generated by org.testng.reporters.JUnitXMLReporter -->
<testsuite ignored="10" hostname="DESKTOP-4O90F4N" failures="0" tests="1" name="Default test" time="151.95" errors="0" timestamp="2023-12-22T15:35:11 IST">
  <testcase classname="tests.DMS_Configuration_TestClass" name="uploadDocuments_Test" time="130.858"/>
  <testcase classname="tests.DMS_Configuration_TestClass" name="assign_ThumbRights" time="0.0">
    <ignored/>
  </testcase> <!-- assign_ThumbRights -->
  <testcase classname="tests.DMS_Configuration_TestClass" name="indexGroup_Test" time="0.0">
    <ignored/>
  </testcase> <!-- indexGroup_Test -->
  <testcase classname="tests.DMS_Configuration_TestClass" name="indexMaster_Test" time="0.0">
    <ignored/>
  </testcase> <!-- indexMaster_Test -->
  <testcase classname="tests.DMS_Configuration_TestClass" name="userGroup_Test" time="0.0">
    <ignored/>
  </testcase> <!-- userGroup_Test -->
  <testcase classname="tests.DMS_Configuration_TestClass" name="department_Test" time="0.0">
    <ignored/>
  </testcase> <!-- department_Test -->
  <testcase classname="tests.DMS_Configuration_TestClass" name="dealRoom_Test" time="0.0">
    <ignored/>
  </testcase> <!-- dealRoom_Test -->
  <testcase classname="tests.DMS_Configuration_TestClass" name="docSet_Test" time="0.0">
    <ignored/>
  </testcase> <!-- docSet_Test -->
  <testcase classname="tests.DMS_Configuration_TestClass" name="assign_GroupRights" time="0.0">
    <ignored/>
  </testcase> <!-- assign_GroupRights -->
  <testcase classname="tests.DMS_Configuration_TestClass" name="category_Test" time="0.0">
    <ignored/>
  </testcase> <!-- category_Test -->
  <testcase classname="tests.DMS_Configuration_TestClass" name="generate_Reports_Test" time="0.0">
    <ignored/>
  </testcase> <!-- generate_Reports_Test -->
</testsuite> <!-- Default test -->
