<?xml version="1.0" encoding="UTF-8"?>
<testng-results ignored="0" total="1" passed="1" failed="0" skipped="0">
  <reporter-output>
    <line>
      <![CDATA[<b>----- Documents Upload Report -----</b><br>]]>
    </line>
    <line>
      <![CDATA[Single Document uploading Report : with and without indexing</br>]]>
    </line>
    <line>
      <![CDATA[While Upload Without Indexing:: </br>]]>
    </line>
    <line>
      <![CDATA[Indexed Files :  0
Indexed Files View
Unindexed Files :  3
Un-Indexed Files View
Found multiple masters for following files :

Upload more files?
NOYES</br>]]>
    </line>
  </reporter-output>
  <suite started-at="2023-12-22T15:32:39 IST" name="Default suite" finished-at="2023-12-22T15:35:11 IST" duration-ms="151950">
    <groups>
    </groups>
    <test started-at="2023-12-22T15:32:39 IST" name="Default test" finished-at="2023-12-22T15:35:11 IST" duration-ms="151950">
      <class name="tests.DMS_Configuration_TestClass">
        <test-method is-config="true" signature="setUpBrowser()[pri:0, instance:tests.DMS_Configuration_TestClass@70ed52de]" started-at="2023-12-22T15:32:39 IST" name="setUpBrowser" finished-at="2023-12-22T15:33:00 IST" duration-ms="21013" status="PASS">
          <reporter-output>
          </reporter-output>
        </test-method> <!-- setUpBrowser -->
        <test-method signature="uploadDocuments_Test()[pri:7, instance:tests.DMS_Configuration_TestClass@70ed52de]" started-at="2023-12-22T15:33:00 IST" name="uploadDocuments_Test" finished-at="2023-12-22T15:35:11 IST" duration-ms="130858" status="PASS">
          <reporter-output>
            <line>
              <![CDATA[<b>----- Documents Upload Report -----</b><br>]]>
            </line>
            <line>
              <![CDATA[Single Document uploading Report : with and without indexing</br>]]>
            </line>
            <line>
              <![CDATA[While Upload Without Indexing:: </br>]]>
            </line>
            <line>
              <![CDATA[Indexed Files :  0
Indexed Files View
Unindexed Files :  3
Un-Indexed Files View
Found multiple masters for following files :

Upload more files?
NOYES</br>]]>
            </line>
          </reporter-output>
        </test-method> <!-- uploadDocuments_Test -->
        <test-method is-config="true" signature="failScreenshot(org.testng.ITestResult)[pri:0, instance:tests.DMS_Configuration_TestClass@70ed52de]" started-at="2023-12-22T15:35:11 IST" name="failScreenshot" description="To capture Screenshot on Test FAILURE" finished-at="2023-12-22T15:35:11 IST" duration-ms="6" status="PASS">
          <params>
            <param index="0">
              <value>
                <![CDATA[[TestResult name=uploadDocuments_Test status=SUCCESS method=DMS_Configuration_TestClass.uploadDocuments_Test()[pri:7, instance:tests.DMS_Configuration_TestClass@70ed52de] output=<b>----- Documents Upload Report -----</b><br>]]]>
              </value>
            </param>
          </params>
          <reporter-output>
          </reporter-output>
        </test-method> <!-- failScreenshot -->
      </class> <!-- tests.DMS_Configuration_TestClass -->
    </test> <!-- Default test -->
  </suite> <!-- Default suite -->
</testng-results>
